[2021-02-25 17:02:59,308] INFO Reading configuration from: config/zookeeper.properties (org.apache.zookeeper.server.quorum.QuorumPeerConfig)
[2021-02-25 17:02:59,309] WARN config/zookeeper.properties is relative. Prepend ./ to indicate that you're sure! (org.apache.zookeeper.server.quorum.QuorumPeerConfig)
[2021-02-25 17:02:59,315] INFO clientPortAddress is 0.0.0.0:2181 (org.apache.zookeeper.server.quorum.QuorumPeerConfig)
[2021-02-25 17:02:59,315] INFO secureClientPort is not set (org.apache.zookeeper.server.quorum.QuorumPeerConfig)
[2021-02-25 17:02:59,318] INFO autopurge.snapRetainCount set to 3 (org.apache.zookeeper.server.DatadirCleanupManager)
[2021-02-25 17:02:59,318] INFO autopurge.purgeInterval set to 0 (org.apache.zookeeper.server.DatadirCleanupManager)
[2021-02-25 17:02:59,318] INFO Purge task is not scheduled. (org.apache.zookeeper.server.DatadirCleanupManager)
[2021-02-25 17:02:59,318] WARN Either no config or no quorum defined in config, running  in standalone mode (org.apache.zookeeper.server.quorum.QuorumPeerMain)
[2021-02-25 17:02:59,321] INFO Log4j 1.2 jmx support found and enabled. (org.apache.zookeeper.jmx.ManagedUtil)
[2021-02-25 17:02:59,335] INFO Reading configuration from: config/zookeeper.properties (org.apache.zookeeper.server.quorum.QuorumPeerConfig)
[2021-02-25 17:02:59,335] WARN config/zookeeper.properties is relative. Prepend ./ to indicate that you're sure! (org.apache.zookeeper.server.quorum.QuorumPeerConfig)
[2021-02-25 17:02:59,335] INFO clientPortAddress is 0.0.0.0:2181 (org.apache.zookeeper.server.quorum.QuorumPeerConfig)
[2021-02-25 17:02:59,335] INFO secureClientPort is not set (org.apache.zookeeper.server.quorum.QuorumPeerConfig)
[2021-02-25 17:02:59,335] INFO Starting server (org.apache.zookeeper.server.ZooKeeperServerMain)
[2021-02-25 17:02:59,338] INFO zookeeper.snapshot.trust.empty : false (org.apache.zookeeper.server.persistence.FileTxnSnapLog)
[2021-02-25 17:02:59,351] INFO Server environment:zookeeper.version=3.5.8-f439ca583e70862c3068a1f2a7d4d068eec33315, built on 05/04/2020 15:53 GMT (org.apache.zookeeper.server.ZooKeeperServer)
[2021-02-25 17:02:59,351] INFO Server environment:host.name=worker (org.apache.zookeeper.server.ZooKeeperServer)
[2021-02-25 17:02:59,351] INFO Server environment:java.version=11.0.10 (org.apache.zookeeper.server.ZooKeeperServer)
[2021-02-25 17:02:59,351] INFO Server environment:java.vendor=Ubuntu (org.apache.zookeeper.server.ZooKeeperServer)
[2021-02-25 17:02:59,351] INFO Server environment:java.home=/usr/lib/jvm/java-11-openjdk-amd64 (org.apache.zookeeper.server.ZooKeeperServer)
[2021-02-25 17:02:59,351] INFO Server environment:java.class.path=/home/thuan/vbh/data-engineer-apache/script/kafka_2.13-2.7.0/bin/../libs/activation-1.1.1.jar:/home/thuan/vbh/data-engineer-apache/script/kafka_2.13-2.7.0/bin/../libs/aopalliance-repackaged-2.6.1.jar:/home/thuan/vbh/data-engineer-apache/script/kafka_2.13-2.7.0/bin/../libs/argparse4j-0.7.0.jar:/home/thuan/vbh/data-engineer-apache/script/kafka_2.13-2.7.0/bin/../libs/audience-annotations-0.5.0.jar:/home/thuan/vbh/data-engineer-apache/script/kafka_2.13-2.7.0/bin/../libs/commons-cli-1.4.jar:/home/thuan/vbh/data-engineer-apache/script/kafka_2.13-2.7.0/bin/../libs/commons-lang3-3.8.1.jar:/home/thuan/vbh/data-engineer-apache/script/kafka_2.13-2.7.0/bin/../libs/connect-api-2.7.0.jar:/home/thuan/vbh/data-engineer-apache/script/kafka_2.13-2.7.0/bin/../libs/connect-basic-auth-extension-2.7.0.jar:/home/thuan/vbh/data-engineer-apache/script/kafka_2.13-2.7.0/bin/../libs/connect-file-2.7.0.jar:/home/thuan/vbh/data-engineer-apache/script/kafka_2.13-2.7.0/bin/../libs/connect-json-2.7.0.jar:/home/thuan/vbh/data-engineer-apache/script/kafka_2.13-2.7.0/bin/../libs/connect-mirror-2.7.0.jar:/home/thuan/vbh/data-engineer-apache/script/kafka_2.13-2.7.0/bin/../libs/connect-mirror-client-2.7.0.jar:/home/thuan/vbh/data-engineer-apache/script/kafka_2.13-2.7.0/bin/../libs/connect-runtime-2.7.0.jar:/home/thuan/vbh/data-engineer-apache/script/kafka_2.13-2.7.0/bin/../libs/connect-transforms-2.7.0.jar:/home/thuan/vbh/data-engineer-apache/script/kafka_2.13-2.7.0/bin/../libs/hk2-api-2.6.1.jar:/home/thuan/vbh/data-engineer-apache/script/kafka_2.13-2.7.0/bin/../libs/hk2-locator-2.6.1.jar:/home/thuan/vbh/data-engineer-apache/script/kafka_2.13-2.7.0/bin/../libs/hk2-utils-2.6.1.jar:/home/thuan/vbh/data-engineer-apache/script/kafka_2.13-2.7.0/bin/../libs/jackson-annotations-2.10.5.jar:/home/thuan/vbh/data-engineer-apache/script/kafka_2.13-2.7.0/bin/../libs/jackson-core-2.10.5.jar:/home/thuan/vbh/data-engineer-apache/script/kafka_2.13-2.7.0/bin/../libs/jackson-databind-2.10.5.1.jar:/home/thuan/vbh/data-engineer-apache/script/kafka_2.13-2.7.0/bin/../libs/jackson-dataformat-csv-2.10.5.jar:/home/thuan/vbh/data-engineer-apache/script/kafka_2.13-2.7.0/bin/../libs/jackson-datatype-jdk8-2.10.5.jar:/home/thuan/vbh/data-engineer-apache/script/kafka_2.13-2.7.0/bin/../libs/jackson-jaxrs-base-2.10.5.jar:/home/thuan/vbh/data-engineer-apache/script/kafka_2.13-2.7.0/bin/../libs/jackson-jaxrs-json-provider-2.10.5.jar:/home/thuan/vbh/data-engineer-apache/script/kafka_2.13-2.7.0/bin/../libs/jackson-module-jaxb-annotations-2.10.5.jar:/home/thuan/vbh/data-engineer-apache/script/kafka_2.13-2.7.0/bin/../libs/jackson-module-paranamer-2.10.5.jar:/home/thuan/vbh/data-engineer-apache/script/kafka_2.13-2.7.0/bin/../libs/jackson-module-scala_2.13-2.10.5.jar:/home/thuan/vbh/data-engineer-apache/script/kafka_2.13-2.7.0/bin/../libs/jakarta.activation-api-1.2.1.jar:/home/thuan/vbh/data-engineer-apache/script/kafka_2.13-2.7.0/bin/../libs/jakarta.annotation-api-1.3.5.jar:/home/thuan/vbh/data-engineer-apache/script/kafka_2.13-2.7.0/bin/../libs/jakarta.inject-2.6.1.jar:/home/thuan/vbh/data-engineer-apache/script/kafka_2.13-2.7.0/bin/../libs/jakarta.validation-api-2.0.2.jar:/home/thuan/vbh/data-engineer-apache/script/kafka_2.13-2.7.0/bin/../libs/jakarta.ws.rs-api-2.1.6.jar:/home/thuan/vbh/data-engineer-apache/script/kafka_2.13-2.7.0/bin/../libs/jakarta.xml.bind-api-2.3.2.jar:/home/thuan/vbh/data-engineer-apache/script/kafka_2.13-2.7.0/bin/../libs/javassist-3.25.0-GA.jar:/home/thuan/vbh/data-engineer-apache/script/kafka_2.13-2.7.0/bin/../libs/javassist-3.26.0-GA.jar:/home/thuan/vbh/data-engineer-apache/script/kafka_2.13-2.7.0/bin/../libs/javax.servlet-api-3.1.0.jar:/home/thuan/vbh/data-engineer-apache/script/kafka_2.13-2.7.0/bin/../libs/javax.ws.rs-api-2.1.1.jar:/home/thuan/vbh/data-engineer-apache/script/kafka_2.13-2.7.0/bin/../libs/jaxb-api-2.3.0.jar:/home/thuan/vbh/data-engineer-apache/script/kafka_2.13-2.7.0/bin/../libs/jersey-client-2.31.jar:/home/thuan/vbh/data-engineer-apache/script/kafka_2.13-2.7.0/bin/../libs/jersey-common-2.31.jar:/home/thuan/vbh/data-engineer-apache/script/kafka_2.13-2.7.0/bin/../libs/jersey-container-servlet-2.31.jar:/home/thuan/vbh/data-engineer-apache/script/kafka_2.13-2.7.0/bin/../libs/jersey-container-servlet-core-2.31.jar:/home/thuan/vbh/data-engineer-apache/script/kafka_2.13-2.7.0/bin/../libs/jersey-hk2-2.31.jar:/home/thuan/vbh/data-engineer-apache/script/kafka_2.13-2.7.0/bin/../libs/jersey-media-jaxb-2.31.jar:/home/thuan/vbh/data-engineer-apache/script/kafka_2.13-2.7.0/bin/../libs/jersey-server-2.31.jar:/home/thuan/vbh/data-engineer-apache/script/kafka_2.13-2.7.0/bin/../libs/jetty-client-9.4.33.v20201020.jar:/home/thuan/vbh/data-engineer-apache/script/kafka_2.13-2.7.0/bin/../libs/jetty-continuation-9.4.33.v20201020.jar:/home/thuan/vbh/data-engineer-apache/script/kafka_2.13-2.7.0/bin/../libs/jetty-http-9.4.33.v20201020.jar:/home/thuan/vbh/data-engineer-apache/script/kafka_2.13-2.7.0/bin/../libs/jetty-io-9.4.33.v20201020.jar:/home/thuan/vbh/data-engineer-apache/script/kafka_2.13-2.7.0/bin/../libs/jetty-security-9.4.33.v20201020.jar:/home/thuan/vbh/data-engineer-apache/script/kafka_2.13-2.7.0/bin/../libs/jetty-server-9.4.33.v20201020.jar:/home/thuan/vbh/data-engineer-apache/script/kafka_2.13-2.7.0/bin/../libs/jetty-servlet-9.4.33.v20201020.jar:/home/thuan/vbh/data-engineer-apache/script/kafka_2.13-2.7.0/bin/../libs/jetty-servlets-9.4.33.v20201020.jar:/home/thuan/vbh/data-engineer-apache/script/kafka_2.13-2.7.0/bin/../libs/jetty-util-9.4.33.v20201020.jar:/home/thuan/vbh/data-engineer-apache/script/kafka_2.13-2.7.0/bin/../libs/jopt-simple-5.0.4.jar:/home/thuan/vbh/data-engineer-apache/script/kafka_2.13-2.7.0/bin/../libs/kafka_2.13-2.7.0.jar:/home/thuan/vbh/data-engineer-apache/script/kafka_2.13-2.7.0/bin/../libs/kafka_2.13-2.7.0-sources.jar:/home/thuan/vbh/data-engineer-apache/script/kafka_2.13-2.7.0/bin/../libs/kafka-clients-2.7.0.jar:/home/thuan/vbh/data-engineer-apache/script/kafka_2.13-2.7.0/bin/../libs/kafka-log4j-appender-2.7.0.jar:/home/thuan/vbh/data-engineer-apache/script/kafka_2.13-2.7.0/bin/../libs/kafka-raft-2.7.0.jar:/home/thuan/vbh/data-engineer-apache/script/kafka_2.13-2.7.0/bin/../libs/kafka-streams-2.7.0.jar:/home/thuan/vbh/data-engineer-apache/script/kafka_2.13-2.7.0/bin/../libs/kafka-streams-examples-2.7.0.jar:/home/thuan/vbh/data-engineer-apache/script/kafka_2.13-2.7.0/bin/../libs/kafka-streams-scala_2.13-2.7.0.jar:/home/thuan/vbh/data-engineer-apache/script/kafka_2.13-2.7.0/bin/../libs/kafka-streams-test-utils-2.7.0.jar:/home/thuan/vbh/data-engineer-apache/script/kafka_2.13-2.7.0/bin/../libs/kafka-tools-2.7.0.jar:/home/thuan/vbh/data-engineer-apache/script/kafka_2.13-2.7.0/bin/../libs/log4j-1.2.17.jar:/home/thuan/vbh/data-engineer-apache/script/kafka_2.13-2.7.0/bin/../libs/lz4-java-1.7.1.jar:/home/thuan/vbh/data-engineer-apache/script/kafka_2.13-2.7.0/bin/../libs/maven-artifact-3.6.3.jar:/home/thuan/vbh/data-engineer-apache/script/kafka_2.13-2.7.0/bin/../libs/metrics-core-2.2.0.jar:/home/thuan/vbh/data-engineer-apache/script/kafka_2.13-2.7.0/bin/../libs/netty-buffer-4.1.51.Final.jar:/home/thuan/vbh/data-engineer-apache/script/kafka_2.13-2.7.0/bin/../libs/netty-codec-4.1.51.Final.jar:/home/thuan/vbh/data-engineer-apache/script/kafka_2.13-2.7.0/bin/../libs/netty-common-4.1.51.Final.jar:/home/thuan/vbh/data-engineer-apache/script/kafka_2.13-2.7.0/bin/../libs/netty-handler-4.1.51.Final.jar:/home/thuan/vbh/data-engineer-apache/script/kafka_2.13-2.7.0/bin/../libs/netty-resolver-4.1.51.Final.jar:/home/thuan/vbh/data-engineer-apache/script/kafka_2.13-2.7.0/bin/../libs/netty-transport-4.1.51.Final.jar:/home/thuan/vbh/data-engineer-apache/script/kafka_2.13-2.7.0/bin/../libs/netty-transport-native-epoll-4.1.51.Final.jar:/home/thuan/vbh/data-engineer-apache/script/kafka_2.13-2.7.0/bin/../libs/netty-transport-native-unix-common-4.1.51.Final.jar:/home/thuan/vbh/data-engineer-apache/script/kafka_2.13-2.7.0/bin/../libs/osgi-resource-locator-1.0.3.jar:/home/thuan/vbh/data-engineer-apache/script/kafka_2.13-2.7.0/bin/../libs/paranamer-2.8.jar:/home/thuan/vbh/data-engineer-apache/script/kafka_2.13-2.7.0/bin/../libs/plexus-utils-3.2.1.jar:/home/thuan/vbh/data-engineer-apache/script/kafka_2.13-2.7.0/bin/../libs/reflections-0.9.12.jar:/home/thuan/vbh/data-engineer-apache/script/kafka_2.13-2.7.0/bin/../libs/rocksdbjni-5.18.4.jar:/home/thuan/vbh/data-engineer-apache/script/kafka_2.13-2.7.0/bin/../libs/scala-collection-compat_2.13-2.2.0.jar:/home/thuan/vbh/data-engineer-apache/script/kafka_2.13-2.7.0/bin/../libs/scala-java8-compat_2.13-0.9.1.jar:/home/thuan/vbh/data-engineer-apache/script/kafka_2.13-2.7.0/bin/../libs/scala-library-2.13.3.jar:/home/thuan/vbh/data-engineer-apache/script/kafka_2.13-2.7.0/bin/../libs/scala-logging_2.13-3.9.2.jar:/home/thuan/vbh/data-engineer-apache/script/kafka_2.13-2.7.0/bin/../libs/scala-reflect-2.13.3.jar:/home/thuan/vbh/data-engineer-apache/script/kafka_2.13-2.7.0/bin/../libs/slf4j-api-1.7.30.jar:/home/thuan/vbh/data-engineer-apache/script/kafka_2.13-2.7.0/bin/../libs/slf4j-log4j12-1.7.30.jar:/home/thuan/vbh/data-engineer-apache/script/kafka_2.13-2.7.0/bin/../libs/snappy-java-1.1.7.7.jar:/home/thuan/vbh/data-engineer-apache/script/kafka_2.13-2.7.0/bin/../libs/zookeeper-3.5.8.jar:/home/thuan/vbh/data-engineer-apache/script/kafka_2.13-2.7.0/bin/../libs/zookeeper-jute-3.5.8.jar:/home/thuan/vbh/data-engineer-apache/script/kafka_2.13-2.7.0/bin/../libs/zstd-jni-1.4.5-6.jar (org.apache.zookeeper.server.ZooKeeperServer)
[2021-02-25 17:02:59,351] INFO Server environment:java.library.path=/usr/java/packages/lib:/usr/lib/x86_64-linux-gnu/jni:/lib/x86_64-linux-gnu:/usr/lib/x86_64-linux-gnu:/usr/lib/jni:/lib:/usr/lib (org.apache.zookeeper.server.ZooKeeperServer)
[2021-02-25 17:02:59,351] INFO Server environment:java.io.tmpdir=/tmp (org.apache.zookeeper.server.ZooKeeperServer)
[2021-02-25 17:02:59,351] INFO Server environment:java.compiler=<NA> (org.apache.zookeeper.server.ZooKeeperServer)
[2021-02-25 17:02:59,351] INFO Server environment:os.name=Linux (org.apache.zookeeper.server.ZooKeeperServer)
[2021-02-25 17:02:59,351] INFO Server environment:os.arch=amd64 (org.apache.zookeeper.server.ZooKeeperServer)
[2021-02-25 17:02:59,351] INFO Server environment:os.version=5.4.0-65-generic (org.apache.zookeeper.server.ZooKeeperServer)
[2021-02-25 17:02:59,351] INFO Server environment:user.name=thuan (org.apache.zookeeper.server.ZooKeeperServer)
[2021-02-25 17:02:59,351] INFO Server environment:user.home=/home/thuan (org.apache.zookeeper.server.ZooKeeperServer)
[2021-02-25 17:02:59,352] INFO Server environment:user.dir=/home/thuan/vbh/data-engineer-apache/script/kafka_2.13-2.7.0 (org.apache.zookeeper.server.ZooKeeperServer)
[2021-02-25 17:02:59,352] INFO Server environment:os.memory.free=494MB (org.apache.zookeeper.server.ZooKeeperServer)
[2021-02-25 17:02:59,352] INFO Server environment:os.memory.max=512MB (org.apache.zookeeper.server.ZooKeeperServer)
[2021-02-25 17:02:59,352] INFO Server environment:os.memory.total=512MB (org.apache.zookeeper.server.ZooKeeperServer)
[2021-02-25 17:02:59,353] INFO minSessionTimeout set to 6000 (org.apache.zookeeper.server.ZooKeeperServer)
[2021-02-25 17:02:59,353] INFO maxSessionTimeout set to 60000 (org.apache.zookeeper.server.ZooKeeperServer)
[2021-02-25 17:02:59,353] INFO Created server with tickTime 3000 minSessionTimeout 6000 maxSessionTimeout 60000 datadir /tmp/zookeeper/version-2 snapdir /tmp/zookeeper/version-2 (org.apache.zookeeper.server.ZooKeeperServer)
[2021-02-25 17:02:59,362] INFO Using org.apache.zookeeper.server.NIOServerCnxnFactory as server connection factory (org.apache.zookeeper.server.ServerCnxnFactory)
[2021-02-25 17:02:59,365] INFO Configuring NIO connection handler with 10s sessionless connection timeout, 1 selector thread(s), 8 worker threads, and 64 kB direct buffers. (org.apache.zookeeper.server.NIOServerCnxnFactory)
[2021-02-25 17:02:59,371] INFO binding to port 0.0.0.0/0.0.0.0:2181 (org.apache.zookeeper.server.NIOServerCnxnFactory)
[2021-02-25 17:02:59,372] ERROR Unexpected exception, exiting abnormally (org.apache.zookeeper.server.ZooKeeperServerMain)
java.net.BindException: Address already in use
	at java.base/sun.nio.ch.Net.bind0(Native Method)
	at java.base/sun.nio.ch.Net.bind(Net.java:455)
	at java.base/sun.nio.ch.Net.bind(Net.java:447)
	at java.base/sun.nio.ch.ServerSocketChannelImpl.bind(ServerSocketChannelImpl.java:227)
	at java.base/sun.nio.ch.ServerSocketAdaptor.bind(ServerSocketAdaptor.java:80)
	at java.base/sun.nio.ch.ServerSocketAdaptor.bind(ServerSocketAdaptor.java:73)
	at org.apache.zookeeper.server.NIOServerCnxnFactory.configure(NIOServerCnxnFactory.java:687)
	at org.apache.zookeeper.server.ZooKeeperServerMain.runFromConfig(ZooKeeperServerMain.java:143)
	at org.apache.zookeeper.server.ZooKeeperServerMain.initializeAndRun(ZooKeeperServerMain.java:106)
	at org.apache.zookeeper.server.ZooKeeperServerMain.main(ZooKeeperServerMain.java:64)
	at org.apache.zookeeper.server.quorum.QuorumPeerMain.initializeAndRun(QuorumPeerMain.java:128)
	at org.apache.zookeeper.server.quorum.QuorumPeerMain.main(QuorumPeerMain.java:82)
